[2019-11-27 21:05:48] INFO  org.springframework.boot.StartupInfoLogger 55 logStarting - Starting SpringbootDemoDay1Application on WIN-J7465PEJVG5 with PID 8856 (D:\eclipse\workspace\springboot-demo-Day1\target\classes started by Administrator in D:\eclipse\workspace\springboot-demo-Day1)
[2019-11-27 21:05:48] INFO  org.springframework.boot.SpringApplication 655 logStartupProfileInfo - The following profiles are active: dev
[2019-11-27 21:05:48] INFO  org.springframework.boot.logging.DeferredLog 225 logTo - Devtools property defaults active! Set 'spring.devtools.add-properties' to 'false' to disable
[2019-11-27 21:05:48] INFO  org.springframework.boot.logging.DeferredLog 225 logTo - For additional web related logging consider setting the 'logging.level.web' property to 'DEBUG'
[2019-11-27 21:05:49] INFO  org.springframework.data.repository.config.RepositoryConfigurationDelegate 246 multipleStoresDetected - Multiple Spring Data modules found, entering strict repository configuration mode!
[2019-11-27 21:05:49] INFO  org.springframework.data.repository.config.RepositoryConfigurationDelegate 126 registerRepositoriesIn - Bootstrapping Spring Data repositories in DEFAULT mode.
[2019-11-27 21:05:49] INFO  org.springframework.data.repository.config.RepositoryConfigurationDelegate 184 registerRepositoriesIn - Finished Spring Data repository scanning in 8ms. Found 0 repository interfaces.
[2019-11-27 21:05:50] INFO  org.springframework.boot.web.embedded.tomcat.TomcatWebServer 92 initialize - Tomcat initialized with port(s): 8081 (http)
[2019-11-27 21:05:50] INFO  org.apache.juli.logging.DirectJDKLog 173 log - Starting service [Tomcat]
[2019-11-27 21:05:50] INFO  org.apache.juli.logging.DirectJDKLog 173 log - Starting Servlet engine: [Apache Tomcat/9.0.27]
[2019-11-27 21:05:50] INFO  org.apache.juli.logging.DirectJDKLog 173 log - Initializing Spring embedded WebApplicationContext
[2019-11-27 21:05:50] INFO  org.springframework.boot.web.servlet.context.ServletWebServerApplicationContext 284 prepareWebApplicationContext - Root WebApplicationContext: initialization completed in 1898 ms
[2019-11-27 21:05:50] INFO  org.springframework.scheduling.concurrent.ExecutorConfigurationSupport 171 initialize - Initializing ExecutorService 'applicationTaskExecutor'
[2019-11-27 21:05:51] INFO  org.springframework.boot.devtools.autoconfigure.OptionalLiveReloadServer 58 startServer - LiveReload server is running on port 35729
[2019-11-27 21:05:51] INFO  org.springframework.boot.web.embedded.tomcat.TomcatWebServer 204 start - Tomcat started on port(s): 8081 (http) with context path ''
[2019-11-27 21:05:51] INFO  org.springframework.boot.StartupInfoLogger 61 logStarted - Started SpringbootDemoDay1Application in 3.644 seconds (JVM running for 4.891)
[2019-11-27 21:07:01] INFO  org.springframework.scheduling.concurrent.ExecutorConfigurationSupport 208 shutdown - Shutting down ExecutorService 'applicationTaskExecutor'
[2019-11-27 21:07:01] INFO  org.springframework.boot.StartupInfoLogger 55 logStarting - Starting SpringbootDemoDay1Application on WIN-J7465PEJVG5 with PID 8856 (D:\eclipse\workspace\springboot-demo-Day1\target\classes started by Administrator in D:\eclipse\workspace\springboot-demo-Day1)
[2019-11-27 21:07:01] INFO  org.springframework.boot.SpringApplication 655 logStartupProfileInfo - The following profiles are active: dev
[2019-11-27 21:07:02] INFO  org.springframework.data.repository.config.RepositoryConfigurationDelegate 246 multipleStoresDetected - Multiple Spring Data modules found, entering strict repository configuration mode!
[2019-11-27 21:07:02] INFO  org.springframework.data.repository.config.RepositoryConfigurationDelegate 126 registerRepositoriesIn - Bootstrapping Spring Data repositories in DEFAULT mode.
[2019-11-27 21:07:02] INFO  org.springframework.data.repository.config.RepositoryConfigurationDelegate 184 registerRepositoriesIn - Finished Spring Data repository scanning in 4ms. Found 0 repository interfaces.
[2019-11-27 21:07:02] INFO  org.springframework.boot.web.embedded.tomcat.TomcatWebServer 92 initialize - Tomcat initialized with port(s): 8081 (http)
[2019-11-27 21:07:02] INFO  org.apache.juli.logging.DirectJDKLog 173 log - Starting service [Tomcat]
[2019-11-27 21:07:02] INFO  org.apache.juli.logging.DirectJDKLog 173 log - Starting Servlet engine: [Apache Tomcat/9.0.27]
[2019-11-27 21:07:02] INFO  org.apache.juli.logging.DirectJDKLog 173 log - Initializing Spring embedded WebApplicationContext
[2019-11-27 21:07:02] INFO  org.springframework.boot.web.servlet.context.ServletWebServerApplicationContext 284 prepareWebApplicationContext - Root WebApplicationContext: initialization completed in 297 ms
[2019-11-27 21:07:02] INFO  org.springframework.scheduling.concurrent.ExecutorConfigurationSupport 171 initialize - Initializing ExecutorService 'applicationTaskExecutor'
[2019-11-27 21:07:02] INFO  org.springframework.boot.devtools.autoconfigure.OptionalLiveReloadServer 58 startServer - LiveReload server is running on port 35729
[2019-11-27 21:07:02] INFO  org.springframework.boot.web.embedded.tomcat.TomcatWebServer 204 start - Tomcat started on port(s): 8081 (http) with context path ''
[2019-11-27 21:07:02] INFO  org.springframework.boot.StartupInfoLogger 61 logStarted - Started SpringbootDemoDay1Application in 0.546 seconds (JVM running for 75.892)
[2019-11-27 21:07:02] INFO  org.springframework.boot.devtools.autoconfigure.ConditionEvaluationDeltaLoggingListener 63 onApplicationEvent - Condition evaluation unchanged
[2019-11-27 21:07:05] INFO  org.springframework.boot.admin.SpringApplicationAdminMXBeanRegistrar$SpringApplicationAdmin 159 shutdown - Application shutdown requested.
[2019-11-27 21:07:05] INFO  org.springframework.scheduling.concurrent.ExecutorConfigurationSupport 208 shutdown - Shutting down ExecutorService 'applicationTaskExecutor'
[2019-11-27 21:13:10] INFO  org.springframework.test.context.support.AbstractTestContextBootstrapper 308 buildDefaultMergedContextConfiguration - Neither @ContextConfiguration nor @ContextHierarchy found for test class [com.iflytek.RedisTest], using SpringBootContextLoader
[2019-11-27 21:13:10] INFO  org.springframework.test.context.support.AbstractContextLoader 264 generateDefaultLocations - Could not detect default resource locations for test class [com.iflytek.RedisTest]: no resource found for suffixes {-context.xml, Context.groovy}.
[2019-11-27 21:13:10] INFO  org.springframework.test.context.support.AnnotationConfigContextLoaderUtils 83 detectDefaultConfigurationClasses - Could not detect default configuration classes for test class [com.iflytek.RedisTest]: RedisTest does not declare any static, non-private, non-final, nested classes annotated with @Configuration.
[2019-11-27 21:13:10] INFO  org.springframework.boot.test.context.SpringBootTestContextBootstrapper 235 getOrFindConfigurationClasses - Found @SpringBootConfiguration com.iflytek.SpringbootDemoDay1Application for test class com.iflytek.RedisTest
[2019-11-27 21:13:10] INFO  org.springframework.test.context.support.AbstractTestContextBootstrapper 248 getDefaultTestExecutionListenerClassNames - Loaded default TestExecutionListener class names from location [META-INF/spring.factories]: [org.springframework.boot.test.mock.mockito.MockitoTestExecutionListener, org.springframework.boot.test.mock.mockito.ResetMocksTestExecutionListener, org.springframework.boot.test.autoconfigure.restdocs.RestDocsTestExecutionListener, org.springframework.boot.test.autoconfigure.web.client.MockRestServiceServerResetTestExecutionListener, org.springframework.boot.test.autoconfigure.web.servlet.MockMvcPrintOnlyOnFailureTestExecutionListener, org.springframework.boot.test.autoconfigure.web.servlet.WebDriverTestExecutionListener, org.springframework.test.context.web.ServletTestExecutionListener, org.springframework.test.context.support.DirtiesContextBeforeModesTestExecutionListener, org.springframework.test.context.support.DependencyInjectionTestExecutionListener, org.springframework.test.context.support.DirtiesContextTestExecutionListener, org.springframework.test.context.transaction.TransactionalTestExecutionListener, org.springframework.test.context.jdbc.SqlScriptsTestExecutionListener, org.springframework.test.context.event.EventPublishingTestExecutionListener]
[2019-11-27 21:13:10] INFO  org.springframework.test.context.support.AbstractTestContextBootstrapper 177 getTestExecutionListeners - Using TestExecutionListeners: [org.springframework.test.context.web.ServletTestExecutionListener@415b0b49, org.springframework.test.context.support.DirtiesContextBeforeModesTestExecutionListener@6d5620ce, org.springframework.boot.test.mock.mockito.MockitoTestExecutionListener@311bf055, org.springframework.boot.test.autoconfigure.SpringBootDependencyInjectionTestExecutionListener@642a7222, org.springframework.test.context.support.DirtiesContextTestExecutionListener@7d322cad, org.springframework.test.context.transaction.TransactionalTestExecutionListener@21be3395, org.springframework.test.context.jdbc.SqlScriptsTestExecutionListener@4f49f6af, org.springframework.test.context.event.EventPublishingTestExecutionListener@78452606, org.springframework.boot.test.mock.mockito.ResetMocksTestExecutionListener@147e2ae7, org.springframework.boot.test.autoconfigure.restdocs.RestDocsTestExecutionListener@448c8166, org.springframework.boot.test.autoconfigure.web.client.MockRestServiceServerResetTestExecutionListener@4470fbd6, org.springframework.boot.test.autoconfigure.web.servlet.MockMvcPrintOnlyOnFailureTestExecutionListener@15d49048, org.springframework.boot.test.autoconfigure.web.servlet.WebDriverTestExecutionListener@7098b907]
[2019-11-27 21:13:10] INFO  org.springframework.boot.StartupInfoLogger 55 logStarting - Starting RedisTest on WIN-J7465PEJVG5 with PID 8408 (started by Administrator in D:\eclipse\workspace\springboot-demo-Day1)
[2019-11-27 21:13:10] INFO  org.springframework.boot.SpringApplication 655 logStartupProfileInfo - The following profiles are active: dev
[2019-11-27 21:13:11] INFO  org.springframework.data.repository.config.RepositoryConfigurationDelegate 246 multipleStoresDetected - Multiple Spring Data modules found, entering strict repository configuration mode!
[2019-11-27 21:13:11] INFO  org.springframework.data.repository.config.RepositoryConfigurationDelegate 126 registerRepositoriesIn - Bootstrapping Spring Data repositories in DEFAULT mode.
[2019-11-27 21:13:11] INFO  org.springframework.data.repository.config.RepositoryConfigurationDelegate 184 registerRepositoriesIn - Finished Spring Data repository scanning in 11ms. Found 0 repository interfaces.
[2019-11-27 21:13:13] INFO  org.springframework.scheduling.concurrent.ExecutorConfigurationSupport 171 initialize - Initializing ExecutorService 'applicationTaskExecutor'
[2019-11-27 21:13:13] INFO  org.springframework.boot.StartupInfoLogger 61 logStarted - Started RedisTest in 2.865 seconds (JVM running for 4.591)
[2019-11-27 21:13:14] INFO  io.lettuce.core.EpollProvider 68 <clinit> - Starting without optional epoll library
[2019-11-27 21:13:14] INFO  io.lettuce.core.KqueueProvider 70 <clinit> - Starting without optional kqueue library
[2019-11-27 21:13:15] INFO  org.springframework.scheduling.concurrent.ExecutorConfigurationSupport 208 shutdown - Shutting down ExecutorService 'applicationTaskExecutor'
